Wirelength 1153624

NumHardBlocks 100
hb0 0 165 0
hb1 55 501 0
hb2 301 369 0
hb3 0 78 1
hb4 24 630 0
hb5 0 198 1
hb6 268 351 0
hb7 372 526 0
hb8 0 115 1
hb9 589 339 0
hb10 95 27 1
hb11 502 217 1
hb12 0 50 0
hb13 353 586 0
hb14 700 50 1
hb15 550 495 0
hb16 401 526 0
hb17 268 560 1
hb18 502 438 0
hb19 0 0 0
hb20 569 117 0
hb21 31 0 0
hb22 24 596 0
hb23 55 538 1
hb24 16 365 0
hb25 16 409 1
hb26 502 299 0
hb27 268 234 1
hb28 397 351 1
hb29 354 351 0
hb30 0 558 0
hb31 268 325 1
hb32 502 256 1
hb33 678 256 0
hb34 227 296 0
hb35 743 50 0
hb36 268 78 1
hb37 774 0 0
hb38 550 472 1
hb39 16 313 1
hb40 268 276 1
hb41 437 526 0
hb42 625 339 1
hb43 502 339 1
hb44 157 558 1
hb45 55 456 1
hb46 55 479 0
hb47 469 117 1
hb48 16 286 0
hb49 55 409 1
hb50 502 185 0
hb51 569 136 0
hb52 182 347 1
hb53 502 401 0
hb54 434 390 0
hb55 550 438 1
hb56 452 303 0
hb57 607 136 0
hb58 268 526 0
hb59 24 649 1
hb60 82 237 1
hb61 625 117 1
hb62 353 526 1
hb63 67 78 0
hb64 95 347 1
hb65 268 178 0
hb66 268 465 0
hb67 609 422 1
hb68 268 413 1
hb69 297 276 0
hb70 555 256 0
hb71 61 677 0
hb72 73 286 0
hb73 268 117 1
hb74 24 558 1
hb75 378 351 0
hb76 0 699 1
hb77 268 604 0
hb78 125 596 1
hb79 548 339 1
hb80 0 237 0
hb81 142 347 0
hb82 61 630 1
hb83 502 422 0
hb84 268 303 0
hb85 605 339 0
hb86 397 390 1
hb87 502 489 1
hb88 120 409 1
hb89 95 0 0
hb90 268 369 1
hb91 502 117 0
hb92 550 547 0
hb93 502 150 0
hb94 227 237 0
hb95 334 560 1
hb96 597 256 0
hb97 268 259 1
hb98 73 347 0
hb99 16 237 1
